TN:
SF:D:\ang-training\Task2\shop\src\polyfills.ts
FNF:0
FNH:0
LF:0
LH:0
BRF:0
BRH:0
end_of_record
TN:
SF:D:\ang-training\Task2\shop\src\test.ts
FNF:0
FNH:0
DA:13,1
DA:18,1
DA:20,1
LF:3
LH:3
BRF:0
BRH:0
end_of_record
TN:
SF:D:\ang-training\Task2\shop\src\app\app.component.ts
FN:9,(anonymous_2)
FN:13,AppComponent
FN:17,(anonymous_4)
FNF:3
FNH:3
FNDA:1,(anonymous_2)
FNDA:2,AppComponent
FNDA:1,(anonymous_4)
DA:9,1
DA:11,1
DA:14,2
DA:17,1
DA:18,1
DA:20,1
LF:6
LH:6
BRF:0
BRH:0
end_of_record
TN:
SF:D:\ang-training\Task2\shop\src\app\cart\components\cart-item\cart-item.component.ts
FN:9,(anonymous_2)
FN:15,CartItemComponent
FN:17,(anonymous_4)
FN:20,(anonymous_5)
FNF:4
FNH:3
FNDA:1,(anonymous_2)
FNDA:1,CartItemComponent
FNDA:1,(anonymous_4)
FNDA:0,(anonymous_5)
DA:9,1
DA:11,1
DA:13,2
DA:17,1
DA:20,1
DA:21,0
DA:23,1
LF:7
LH:6
BRF:0
BRH:0
end_of_record
TN:
SF:D:\ang-training\Task2\shop\src\app\cart\components\cart-list\cart-list.component.ts
FN:18,(anonymous_2)
FN:24,CartListComponent
FN:30,(anonymous_4)
FN:31,(anonymous_5)
FN:36,(anonymous_6)
FN:40,(anonymous_7)
FN:44,(anonymous_8)
FN:46,(anonymous_9)
FN:53,(anonymous_10)
FN:57,(anonymous_11)
FN:61,(anonymous_12)
FN:68,(anonymous_13)
FN:72,(anonymous_14)
FNF:13
FNH:5
FNDA:1,(anonymous_2)
FNDA:1,CartListComponent
FNDA:1,(anonymous_4)
FNDA:1,(anonymous_5)
FNDA:0,(anonymous_6)
FNDA:0,(anonymous_7)
FNDA:0,(anonymous_8)
FNDA:0,(anonymous_9)
FNDA:0,(anonymous_10)
FNDA:0,(anonymous_11)
FNDA:4,(anonymous_12)
FNDA:0,(anonymous_13)
FNDA:0,(anonymous_14)
DA:18,1
DA:21,1
DA:24,1
DA:25,1
DA:26,1
DA:27,1
DA:28,1
DA:30,1
DA:31,1
DA:32,1
DA:36,1
DA:37,0
DA:40,1
DA:41,0
DA:44,1
DA:45,0
DA:47,0
DA:48,0
DA:49,0
DA:53,1
DA:54,0
DA:57,1
DA:58,0
DA:61,1
DA:62,4
DA:63,0
DA:65,4
DA:68,1
DA:69,0
DA:72,1
DA:73,0
DA:75,1
LF:32
LH:21
BRDA:62,0,0,0
BRDA:62,0,1,4
BRF:2
BRH:1
end_of_record
TN:
SF:D:\ang-training\Task2\shop\src\app\cart\models\cart-item.ts
FN:4,(anonymous_0)
FN:5,CartItem
FNF:2
FNH:2
FNDA:1,(anonymous_0)
FNDA:3,CartItem
DA:4,1
DA:6,3
DA:7,3
DA:8,3
DA:9,3
DA:10,3
DA:11,3
DA:12,3
DA:14,3
DA:16,1
LF:10
LH:10
BRF:0
BRH:0
end_of_record
TN:
SF:D:\ang-training\Task2\shop\src\app\cart\models\order.ts
FN:3,(anonymous_0)
FN:4,Order
FNF:2
FNH:1
FNDA:1,(anonymous_0)
FNDA:0,Order
DA:3,1
DA:5,0
DA:6,0
DA:7,0
DA:8,0
DA:9,0
DA:10,0
DA:12,1
LF:8
LH:2
BRDA:10,0,0,0
BRDA:10,0,1,0
BRF:2
BRH:0
end_of_record
TN:
SF:D:\ang-training\Task2\shop\src\app\cart\services\cart.service.ts
FN:7,(anonymous_4)
FN:13,CartService
FN:15,(anonymous_6)
FN:15,(anonymous_7)
FN:16,(anonymous_8)
FN:16,(anonymous_9)
FN:19,(anonymous_10)
FN:21,(anonymous_11)
FN:35,(anonymous_12)
FN:36,(anonymous_13)
FN:50,(anonymous_14)
FN:57,(anonymous_15)
FN:61,(anonymous_16)
FN:65,(anonymous_17)
FN:69,(anonymous_18)
FNF:15
FNH:11
FNDA:1,(anonymous_4)
FNDA:7,CartService
FNDA:2,(anonymous_6)
FNDA:0,(anonymous_7)
FNDA:2,(anonymous_8)
FNDA:0,(anonymous_9)
FNDA:1,(anonymous_10)
FNDA:0,(anonymous_11)
FNDA:1,(anonymous_12)
FNDA:1,(anonymous_13)
FNDA:1,(anonymous_14)
FNDA:4,(anonymous_15)
FNDA:5,(anonymous_16)
FNDA:0,(anonymous_17)
FNDA:3,(anonymous_18)
DA:7,1
DA:13,7
DA:14,7
DA:15,7
DA:16,7
DA:19,1
DA:21,1
DA:23,1
DA:24,0
DA:26,1
DA:29,1
DA:30,1
DA:32,1
DA:35,1
DA:36,1
DA:38,1
DA:39,0
DA:41,1
DA:44,1
DA:45,1
DA:47,1
DA:50,1
DA:51,1
DA:52,1
DA:54,1
DA:57,1
DA:58,4
DA:61,1
DA:62,5
DA:65,1
DA:66,0
DA:69,1
DA:70,3
DA:72,1
LF:34
LH:31
BRDA:14,0,0,7
BRDA:14,0,1,4
BRDA:15,1,0,2
BRDA:15,1,1,5
BRDA:16,2,0,2
BRDA:16,2,1,5
BRDA:23,3,0,0
BRDA:23,3,1,1
BRDA:38,4,0,0
BRDA:38,4,1,1
BRF:10
BRH:8
end_of_record
TN:
SF:D:\ang-training\Task2\shop\src\app\cart\services\order-observable.service.ts
FN:11,(anonymous_2)
FN:15,OrderObservableService
FN:17,(anonymous_4)
FN:21,(anonymous_5)
FN:25,(anonymous_6)
FN:27,(anonymous_7)
FNF:6
FNH:2
FNDA:1,(anonymous_2)
FNDA:1,OrderObservableService
FNDA:0,(anonymous_4)
FNDA:0,(anonymous_5)
FNDA:0,(anonymous_6)
FNDA:0,(anonymous_7)
DA:11,1
DA:13,1
DA:15,1
DA:17,1
DA:18,0
DA:21,1
DA:22,0
DA:25,1
DA:26,0
DA:28,0
DA:29,0
DA:34,1
LF:12
LH:7
BRF:0
BRH:0
end_of_record
TN:
SF:D:\ang-training\Task2\shop\src\app\contact-us\contact-us.component.ts
FN:9,(anonymous_4)
FN:11,ContactUsComponent
FN:18,(anonymous_6)
FNF:3
FNH:3
FNDA:1,(anonymous_4)
FNDA:1,ContactUsComponent
FNDA:1,(anonymous_6)
DA:9,1
DA:12,1
DA:13,1
DA:14,1
DA:15,1
DA:18,1
DA:19,1
DA:20,1
DA:21,1
DA:22,1
DA:24,1
LF:11
LH:11
BRF:0
BRH:0
end_of_record
TN:
SF:D:\ang-training\Task2\shop\src\app\core\app-settings.ts
FN:1,(anonymous_0)
FN:2,AppSettings
FNF:2
FNH:1
FNDA:1,(anonymous_0)
FNDA:0,AppSettings
DA:1,1
DA:3,0
DA:5,1
LF:3
LH:2
BRDA:3,0,0,0
BRDA:3,0,1,0
BRF:2
BRH:0
end_of_record
TN:
SF:D:\ang-training\Task2\shop\src\app\core\config-options.ts
FN:1,(anonymous_0)
FN:2,ConfigOptions
FNF:2
FNH:2
FNDA:1,(anonymous_0)
FNDA:1,ConfigOptions
DA:1,1
DA:3,1
DA:4,1
DA:5,1
DA:7,1
LF:5
LH:5
BRF:0
BRH:0
end_of_record
TN:
SF:D:\ang-training\Task2\shop\src\app\core\+store\products\index.ts
FNF:0
FNH:0
LF:0
LH:0
BRF:0
BRH:0
end_of_record
TN:
SF:D:\ang-training\Task2\shop\src\app\core\+store\products\products.actions.ts
FN:6,(anonymous_0)
FN:21,(anonymous_1)
FN:25,(anonymous_3)
FN:27,GetProductsSuccess
FN:30,(anonymous_5)
FN:32,GetProductsError
FN:35,(anonymous_7)
FN:37,CreateProduct
FN:40,(anonymous_9)
FN:42,CreateProductSuccess
FN:45,(anonymous_11)
FN:47,CreateProductError
FN:50,(anonymous_13)
FN:52,UpdateProduct
FN:55,(anonymous_15)
FN:57,UpdateProductSuccess
FN:60,(anonymous_17)
FN:62,UpdateProductError
FN:65,(anonymous_19)
FN:67,DeleteProduct
FN:70,(anonymous_21)
FN:72,DeleteProductSuccess
FN:75,(anonymous_23)
FN:77,DeleteProductError
FNF:24
FNH:13
FNDA:1,(anonymous_0)
FNDA:1,(anonymous_1)
FNDA:1,(anonymous_3)
FNDA:0,GetProductsSuccess
FNDA:1,(anonymous_5)
FNDA:0,GetProductsError
FNDA:1,(anonymous_7)
FNDA:0,CreateProduct
FNDA:1,(anonymous_9)
FNDA:0,CreateProductSuccess
FNDA:1,(anonymous_11)
FNDA:0,CreateProductError
FNDA:1,(anonymous_13)
FNDA:0,UpdateProduct
FNDA:1,(anonymous_15)
FNDA:0,UpdateProductSuccess
FNDA:1,(anonymous_17)
FNDA:0,UpdateProductError
FNDA:1,(anonymous_19)
FNDA:0,DeleteProduct
FNDA:1,(anonymous_21)
FNDA:0,DeleteProductSuccess
FNDA:1,(anonymous_23)
FNDA:0,DeleteProductError
DA:6,1
DA:7,1
DA:8,1
DA:9,1
DA:10,1
DA:11,1
DA:12,1
DA:13,1
DA:14,1
DA:15,1
DA:16,1
DA:17,1
DA:18,1
DA:21,1
DA:22,0
DA:23,1
DA:25,1
DA:26,0
DA:27,0
DA:28,1
DA:30,1
DA:31,0
DA:32,0
DA:33,1
DA:35,1
DA:36,0
DA:37,0
DA:38,1
DA:40,1
DA:41,0
DA:42,0
DA:43,1
DA:45,1
DA:46,0
DA:47,0
DA:48,1
DA:50,1
DA:51,0
DA:52,0
DA:53,1
DA:55,1
DA:56,0
DA:57,0
DA:58,1
DA:60,1
DA:61,0
DA:62,0
DA:63,1
DA:65,1
DA:66,0
DA:67,0
DA:68,1
DA:70,1
DA:71,0
DA:72,0
DA:73,1
DA:75,1
DA:76,0
DA:77,0
DA:78,1
LF:60
LH:37
BRDA:6,0,0,1
BRDA:6,0,1,1
BRF:2
BRH:2
end_of_record
TN:
SF:D:\ang-training\Task2\shop\src\app\core\+store\products\products.effects.ts
FN:15,(anonymous_2)
FN:17,ProductsEffects
FN:29,(anonymous_4)
FN:32,(anonymous_5)
FN:33,(anonymous_6)
FN:41,(anonymous_7)
FN:44,(anonymous_8)
FN:45,(anonymous_9)
FN:53,(anonymous_10)
FN:56,(anonymous_11)
FN:57,(anonymous_12)
FN:65,(anonymous_13)
FN:69,(anonymous_14)
FN:73,(anonymous_15)
FN:83,(anonymous_16)
FNF:15
FNH:1
FNDA:1,(anonymous_2)
FNDA:0,ProductsEffects
FNDA:0,(anonymous_4)
FNDA:0,(anonymous_5)
FNDA:0,(anonymous_6)
FNDA:0,(anonymous_7)
FNDA:0,(anonymous_8)
FNDA:0,(anonymous_9)
FNDA:0,(anonymous_10)
FNDA:0,(anonymous_11)
FNDA:0,(anonymous_12)
FNDA:0,(anonymous_13)
FNDA:0,(anonymous_14)
FNDA:0,(anonymous_15)
FNDA:0,(anonymous_16)
DA:15,1
DA:17,0
DA:18,0
DA:19,0
DA:23,1
DA:30,0
DA:32,0
DA:33,0
DA:38,1
DA:42,0
DA:44,0
DA:45,0
DA:50,1
DA:54,0
DA:56,0
DA:57,0
DA:62,1
DA:66,0
DA:70,0
DA:73,0
DA:78,1
DA:84,0
DA:89,1
LF:23
LH:7
BRF:0
BRH:0
end_of_record
TN:
SF:D:\ang-training\Task2\shop\src\app\core\+store\products\products.reducer.ts
FN:5,productsReducer
FNF:1
FNH:0
FNDA:0,productsReducer
DA:6,0
DA:9,0
DA:11,0
DA:14,0
DA:21,0
DA:23,0
DA:28,0
DA:29,0
DA:38,0
DA:40,0
DA:44,0
DA:46,0
DA:53,0
DA:54,0
DA:60,0
DA:61,0
DA:68,0
LF:17
LH:0
BRDA:6,0,0,0
BRDA:6,0,1,0
BRDA:13,1,0,0
BRDA:13,1,1,0
BRDA:13,1,2,0
BRDA:13,1,3,0
BRDA:13,1,4,0
BRDA:13,1,5,0
BRDA:13,1,6,0
BRDA:13,1,7,0
BRDA:13,1,8,0
BRDA:13,1,9,0
BRF:12
BRH:0
end_of_record
TN:
SF:D:\ang-training\Task2\shop\src\app\core\+store\products\products.selectors.ts
FN:15,(anonymous_0)
FN:16,(anonymous_1)
FN:20,(anonymous_2)
FNF:3
FNH:0
FNDA:0,(anonymous_0)
FNDA:0,(anonymous_1)
FNDA:0,(anonymous_2)
DA:8,1
DA:11,1
DA:12,1
DA:15,1
DA:16,1
DA:17,1
DA:21,0
DA:22,0
DA:23,0
DA:25,0
LF:10
LH:6
BRDA:21,0,0,0
BRDA:21,0,1,0
BRDA:22,1,0,0
BRDA:22,1,1,0
BRF:4
BRH:0
end_of_record
TN:
SF:D:\ang-training\Task2\shop\src\app\core\+store\products\products.state.ts
FNF:0
FNH:0
DA:10,1
DA:12,1
LF:2
LH:2
BRF:0
BRH:0
end_of_record
TN:
SF:D:\ang-training\Task2\shop\src\app\core\+store\router\router.actions.ts
FN:5,(anonymous_0)
FN:12,(anonymous_1)
FN:14,Go
FN:22,(anonymous_3)
FN:26,(anonymous_5)
FN:30,(anonymous_7)
FN:32,Outlet
FNF:7
FNH:5
FNDA:1,(anonymous_0)
FNDA:1,(anonymous_1)
FNDA:0,Go
FNDA:1,(anonymous_3)
FNDA:1,(anonymous_5)
FNDA:1,(anonymous_7)
FNDA:0,Outlet
DA:5,1
DA:6,1
DA:7,1
DA:8,1
DA:9,1
DA:12,1
DA:13,0
DA:15,0
DA:20,1
DA:22,1
DA:23,0
DA:24,1
DA:26,1
DA:27,0
DA:28,1
DA:30,1
DA:31,0
DA:33,0
DA:36,1
LF:19
LH:13
BRDA:5,0,0,1
BRDA:5,0,1,1
BRF:2
BRH:2
end_of_record
TN:
SF:D:\ang-training\Task2\shop\src\app\core\+store\router\router.selectors.ts
FNF:0
FNH:0
DA:6,1
LF:1
LH:1
BRF:0
BRH:0
end_of_record
TN:
SF:D:\ang-training\Task2\shop\src\app\core\services\app-settings.service.ts
FN:11,(anonymous_2)
FN:17,AppSettingsService
FN:19,(anonymous_4)
FN:30,(anonymous_5)
FN:37,(anonymous_6)
FN:47,(anonymous_7)
FN:52,(anonymous_8)
FNF:7
FNH:1
FNDA:1,(anonymous_2)
FNDA:0,AppSettingsService
FNDA:0,(anonymous_4)
FNDA:0,(anonymous_5)
FNDA:0,(anonymous_6)
FNDA:0,(anonymous_7)
FNDA:0,(anonymous_8)
DA:11,1
DA:15,0
DA:17,0
DA:19,1
DA:21,0
DA:23,0
DA:24,0
DA:25,0
DA:26,0
DA:29,0
DA:31,0
DA:32,0
DA:33,0
DA:34,0
DA:35,0
DA:38,0
DA:39,0
DA:40,0
DA:41,0
DA:42,0
DA:47,1
DA:48,0
DA:49,0
DA:52,1
DA:53,0
DA:55,1
LF:26
LH:5
BRDA:23,0,0,0
BRDA:23,0,1,0
BRF:2
BRH:0
end_of_record
TN:
SF:D:\ang-training\Task2\shop\src\app\core\services\config-options.service.ts
FN:7,(anonymous_2)
FN:11,ConfigOptionsService
FN:13,(anonymous_4)
FN:17,(anonymous_5)
FNF:4
FNH:2
FNDA:1,(anonymous_2)
FNDA:1,ConfigOptionsService
FNDA:0,(anonymous_4)
FNDA:0,(anonymous_5)
DA:7,1
DA:9,1
DA:13,1
DA:14,0
DA:17,1
DA:18,0
DA:20,1
LF:7
LH:5
BRF:0
BRH:0
end_of_record
TN:
SF:D:\ang-training\Task2\shop\src\app\core\services\constants.service.ts
FNF:0
FNH:0
DA:3,1
LF:1
LH:1
BRF:0
BRH:0
end_of_record
TN:
SF:D:\ang-training\Task2\shop\src\app\core\services\generator.ts
FN:5,GeneratorFactory
FN:6,(anonymous_1)
FNF:2
FNH:0
FNDA:0,GeneratorFactory
FNDA:0,(anonymous_1)
DA:3,1
DA:6,0
DA:7,0
DA:8,0
LF:4
LH:1
BRF:0
BRH:0
end_of_record
TN:
SF:D:\ang-training\Task2\shop\src\app\core\services\index.ts
FNF:0
FNH:0
LF:0
LH:0
BRF:0
BRH:0
end_of_record
TN:
SF:D:\ang-training\Task2\shop\src\app\core\services\local-storage.service.ts
FN:6,(anonymous_2)
FN:8,LocalStorageService
FN:10,(anonymous_4)
FN:14,(anonymous_5)
FN:19,(anonymous_6)
FNF:5
FNH:3
FNDA:1,(anonymous_2)
FNDA:5,LocalStorageService
FNDA:0,(anonymous_4)
FNDA:4,(anonymous_5)
FNDA:0,(anonymous_6)
DA:6,1
DA:10,1
DA:11,0
DA:14,1
DA:15,4
DA:16,4
DA:19,1
DA:20,0
DA:22,1
LF:9
LH:7
BRF:0
BRH:0
end_of_record
TN:
SF:D:\ang-training\Task2\shop\src\app\products\product-category.enum.ts
FN:1,(anonymous_0)
FNF:1
FNH:1
FNDA:1,(anonymous_0)
DA:1,1
DA:2,1
DA:3,1
DA:4,1
DA:5,1
LF:5
LH:5
BRDA:1,0,0,1
BRDA:1,0,1,1
BRF:2
BRH:2
end_of_record
TN:
SF:D:\ang-training\Task2\shop\src\app\products\components\product\product.component.ts
FN:10,(anonymous_2)
FN:16,ProductComponent
FN:18,(anonymous_4)
FN:21,(anonymous_5)
FNF:4
FNH:3
FNDA:1,(anonymous_2)
FNDA:1,ProductComponent
FNDA:1,(anonymous_4)
FNDA:0,(anonymous_5)
DA:10,1
DA:12,1
DA:14,2
DA:18,1
DA:21,1
DA:22,0
DA:24,1
LF:7
LH:6
BRF:0
BRH:0
end_of_record
TN:
SF:D:\ang-training\Task2\shop\src\app\products\components\product-list\product-list.component.ts
FN:15,(anonymous_2)
FN:19,ProductListComponent
FN:24,(anonymous_4)
FN:30,(anonymous_5)
FNF:4
FNH:3
FNDA:1,(anonymous_2)
FNDA:1,ProductListComponent
FNDA:1,(anonymous_4)
FNDA:0,(anonymous_5)
DA:15,1
DA:20,1
DA:21,1
DA:24,1
DA:25,1
DA:27,1
DA:30,1
DA:31,0
DA:32,0
DA:34,1
LF:10
LH:8
BRF:0
BRH:0
end_of_record
TN:
SF:D:\ang-training\Task2\shop\src\app\products\models\product.ts
FN:4,(anonymous_0)
FN:5,ProductModel
FNF:2
FNH:2
FNDA:1,(anonymous_0)
FNDA:1,ProductModel
DA:4,1
DA:6,3
DA:7,3
DA:8,3
DA:9,3
DA:10,3
DA:11,3
DA:12,3
DA:14,1
DA:18,1
LF:10
LH:10
BRDA:6,0,0,1
BRDA:6,0,1,0
BRDA:7,1,0,1
BRDA:7,1,1,0
BRDA:8,2,0,1
BRDA:8,2,1,0
BRDA:9,3,0,1
BRDA:9,3,1,0
BRDA:10,4,0,1
BRDA:10,4,1,0
BRDA:11,5,0,1
BRDA:11,5,1,0
BRDA:12,6,0,1
BRDA:12,6,1,0
BRF:14
BRH:7
end_of_record
TN:
SF:D:\ang-training\Task2\shop\src\app\products\services\products-promise.service.ts
FN:9,(anonymous_2)
FN:11,ProductsPromiseService
FN:16,(anonymous_4)
FN:19,(anonymous_5)
FN:22,(anonymous_6)
FN:28,(anonymous_7)
FN:31,(anonymous_8)
FN:41,(anonymous_9)
FN:44,(anonymous_10)
FN:54,(anonymous_11)
FN:57,(anonymous_12)
FNF:11
FNH:1
FNDA:1,(anonymous_2)
FNDA:0,ProductsPromiseService
FNDA:0,(anonymous_4)
FNDA:0,(anonymous_5)
FNDA:0,(anonymous_6)
FNDA:0,(anonymous_7)
FNDA:0,(anonymous_8)
FNDA:0,(anonymous_9)
FNDA:0,(anonymous_10)
FNDA:0,(anonymous_11)
FNDA:0,(anonymous_12)
DA:9,1
DA:12,0
DA:13,0
DA:16,1
DA:17,0
DA:19,0
DA:22,1
DA:23,0
DA:25,0
DA:28,0
DA:31,1
DA:32,0
DA:33,0
DA:34,0
DA:38,0
DA:41,0
DA:44,1
DA:45,0
DA:46,0
DA:47,0
DA:51,0
DA:54,0
DA:57,1
DA:58,0
DA:60,0
DA:66,1
LF:26
LH:7
BRF:0
BRH:0
end_of_record
TN:
SF:D:\ang-training\Task2\shop\src\app\shared\order-by.pipe.ts
FN:6,(anonymous_1)
FN:8,(anonymous_3)
FN:9,(anonymous_4)
FNF:3
FNH:3
FNDA:3,(anonymous_1)
FNDA:2,(anonymous_3)
FNDA:12,(anonymous_4)
DA:6,1
DA:8,3
DA:9,2
DA:10,12
DA:11,6
DA:13,6
DA:18,1
LF:7
LH:7
BRDA:8,0,0,1
BRDA:8,0,1,1
BRDA:10,1,0,6
BRDA:10,1,1,6
BRDA:11,2,0,3
BRDA:11,2,1,3
BRDA:13,3,0,3
BRDA:13,3,1,3
BRF:8
BRH:8
end_of_record
